<?xml version="1.0" encoding="UTF-8"?>
<testsuite name="gremlins.SampleTest" tests="1" skipped="0" failures="0" errors="0" timestamp="2022-10-03T12:56:09" hostname="DESKTOP-08R9U41" time="0.016">
  <properties/>
  <testcase name="simpleTest()" classname="gremlins.SampleTest" time="0.016"/>
  <system-out><![CDATA[]]></system-out>
  <system-err><![CDATA[]]></system-err>
</testsuite>
